2025-07-24 14:14:27.163296 - User: Anonymous - Path: /
2025-07-24 14:14:34.354247 - User: Anonymous - Path: /conversations
2025-07-24 14:14:35.176225 - User: Anonymous - Path: /favicon.ico
2025-07-24 14:25:32.858629 - User: Anonymous - Path: /conversations
2025-07-24 14:26:06.765309 - User: Anonymous - Path: /
2025-07-24 14:26:12.975432 - User: Anonymous - Path: /conversations
2025-07-24 14:26:25.714903 - User: Anonymous - Path: /
2025-07-24 14:26:26.793562 - User: Anonymous - Path: /
2025-07-24 14:26:46.544877 - User: Anonymous - Path: /conversations
2025-07-24 14:26:56.399911 - User: Anonymous - Path: /conversation
2025-07-24 14:37:08.469390 - User: Anonymous - Path: /
2025-07-24 14:37:09.538217 - User: Anonymous - Path: /
2025-07-24 14:43:23.391083 - User: Anonymous - Path: /
2025-07-24 14:45:30.300542 - User: Anonymous - Path: /admin
2025-07-24 14:45:34.655103 - User: Anonymous - Path: /admin
2025-07-24 14:46:48.369213 - User: Anonymous - Path: /
2025-07-24 14:46:52.897992 - User: Anonymous - Path: /admin/
2025-07-24 14:54:30.236154 - User: Anonymous - Path: /
2025-07-24 14:54:34.798852 - User: Anonymous - Path: /admin/
2025-07-24 14:54:41.176723 - User: Anonymous - Path: /admin/
